2025-05-19 10:45:52.894 | INFO     | __main__:main:28 - Starting trade simulator application
2025-05-19 10:45:52.895 | INFO     | __main__:main:32 - Created orderbook processor
2025-05-19 10:45:52.895 | INFO     | __main__:main:40 - Created WebSocket client
2025-05-19 10:45:52.895 | INFO     | __main__:main:45 - Created regression models
2025-05-19 10:45:52.895 | INFO     | __main__:main:49 - Created market impact model
2025-05-19 10:45:52.895 | INFO     | __main__:main:58 - Created simulator controller
2025-05-19 10:45:52.895 | INFO     | __main__:main:74 - Starting UI application
2025-05-19 10:45:55.421 | INFO     | src.data_handlers.websocket_client:start:325 - WebSocket client started
2025-05-19 10:46:07.680 | INFO     | __main__:main:28 - Starting trade simulator application
2025-05-19 10:46:07.680 | INFO     | __main__:main:32 - Created orderbook processor
2025-05-19 10:46:07.680 | INFO     | __main__:main:40 - Created WebSocket client
2025-05-19 10:46:07.681 | INFO     | __main__:main:45 - Created regression models
2025-05-19 10:46:07.681 | INFO     | __main__:main:49 - Created market impact model
2025-05-19 10:46:07.681 | INFO     | __main__:main:58 - Created simulator controller
2025-05-19 10:46:07.681 | INFO     | __main__:main:74 - Starting UI application
2025-05-19 10:46:21.390 | WARNING  | src.ui.app:calculate_transaction_costs:419 - Cannot calculate costs: no valid orderbook data
2025-05-19 10:46:22.038 | INFO     | src.data_handlers.websocket_client:start:325 - WebSocket client started
2025-05-19 10:50:30.595 | INFO     | __main__:main:28 - Starting trade simulator application
2025-05-19 10:50:30.595 | INFO     | __main__:main:32 - Created orderbook processor
2025-05-19 10:50:30.595 | CRITICAL | src.data_handlers.websocket_client:__init__:27 - WebSocketClient INITIALIZED with URL: wss://ws.okx.com/ws/v5/public
2025-05-19 10:50:30.595 | INFO     | __main__:main:40 - Created WebSocket client
2025-05-19 10:50:30.595 | INFO     | __main__:main:45 - Created regression models
2025-05-19 10:50:30.595 | INFO     | __main__:main:49 - Created market impact model
2025-05-19 10:50:30.595 | INFO     | __main__:main:58 - Created simulator controller
2025-05-19 10:50:30.595 | INFO     | __main__:main:74 - Starting UI application
2025-05-19 10:50:58.684 | CRITICAL | src.data_handlers.websocket_client:start:354 - START_METHOD_CALLED
2025-05-19 10:50:58.685 | CRITICAL | src.data_handlers.websocket_client:start:364 - CREATING_RECEIVE_DATA_TASK
2025-05-19 10:50:58.685 | INFO     | src.data_handlers.websocket_client:start:366 - WebSocket client started
2025-05-19 10:50:59.232 | CRITICAL | src.data_handlers.websocket_client:start:354 - START_METHOD_CALLED
2025-05-19 10:50:59.233 | WARNING  | src.data_handlers.websocket_client:start:356 - WebSocket client already running
2025-05-19 10:50:59.413 | CRITICAL | src.data_handlers.websocket_client:start:354 - START_METHOD_CALLED
2025-05-19 10:50:59.414 | WARNING  | src.data_handlers.websocket_client:start:356 - WebSocket client already running
2025-05-19 10:50:59.595 | CRITICAL | src.data_handlers.websocket_client:start:354 - START_METHOD_CALLED
2025-05-19 10:50:59.595 | WARNING  | src.data_handlers.websocket_client:start:356 - WebSocket client already running
2025-05-19 10:50:59.776 | CRITICAL | src.data_handlers.websocket_client:start:354 - START_METHOD_CALLED
2025-05-19 10:50:59.776 | WARNING  | src.data_handlers.websocket_client:start:356 - WebSocket client already running
2025-05-19 10:51:00.745 | WARNING  | src.ui.app:calculate_transaction_costs:419 - Cannot calculate costs: no valid orderbook data
2025-05-19 10:51:00.912 | WARNING  | src.ui.app:calculate_transaction_costs:419 - Cannot calculate costs: no valid orderbook data
2025-05-19 10:51:01.079 | WARNING  | src.ui.app:calculate_transaction_costs:419 - Cannot calculate costs: no valid orderbook data
2025-05-19 10:51:01.265 | WARNING  | src.ui.app:calculate_transaction_costs:419 - Cannot calculate costs: no valid orderbook data
2025-05-19 10:51:01.429 | WARNING  | src.ui.app:calculate_transaction_costs:419 - Cannot calculate costs: no valid orderbook data
2025-05-19 10:54:29.854 | INFO     | __main__:main:28 - Starting trade simulator application
2025-05-19 10:54:29.854 | INFO     | __main__:main:32 - Created orderbook processor
2025-05-19 10:54:29.854 | CRITICAL | src.data_handlers.websocket_client:__init__:27 - WebSocketClient INITIALIZED with URL: wss://ws.okx.com/ws/v5/public
2025-05-19 10:54:29.854 | INFO     | __main__:main:40 - Created WebSocket client
2025-05-19 10:54:29.854 | INFO     | __main__:main:45 - Created regression models
2025-05-19 10:54:29.854 | INFO     | __main__:main:49 - Created market impact model
2025-05-19 10:54:29.854 | INFO     | __main__:main:58 - Created simulator controller
2025-05-19 10:54:29.855 | INFO     | __main__:main:74 - Starting UI application
2025-05-19 10:54:32.951 | CRITICAL | src.data_handlers.websocket_client:start:354 - START_METHOD_CALLED
2025-05-19 10:54:32.951 | CRITICAL | src.data_handlers.websocket_client:start:364 - CREATING_RECEIVE_DATA_TASK
2025-05-19 10:54:32.951 | INFO     | src.data_handlers.websocket_client:start:380 - WebSocket client start initiated with diagnostic callback.
2025-05-19 10:54:56.241 | CRITICAL | src.data_handlers.websocket_client:start:354 - START_METHOD_CALLED
2025-05-19 10:54:56.242 | WARNING  | src.data_handlers.websocket_client:start:356 - WebSocket client already running
2025-05-19 10:55:05.993 | CRITICAL | src.data_handlers.websocket_client:task_done_callback:374 - Connection task 'ReceiveDataTask' was cancelled.
